<?xml version="1.0" encoding="UTF-8"?>
<!-- Generated by org.testng.reporters.JUnitXMLReporter -->
<testsuite ignored="0" hostname="DESKTOP-8UST9F6" failures="0" tests="4" name="Test" time="9.08" errors="0" timestamp="2024-07-20T16:54:24 IST">
  <testcase classname="Day8.CreateUser" name="create" time="5.676"/>
  <testcase classname="Day8.GetUser" name="test_getUser" time="1.053"/>
  <testcase classname="Day8.UpdateUser" name="test_updateUser" time="1.233"/>
  <testcase classname="Day8.DeleteUser" name="test_deleteUser" time="1.028"/>
</testsuite> <!-- Test -->
