<?xml version="1.0" encoding="UTF-8"?>
<testng-results ignored="0" total="4" passed="4" failed="0" skipped="0">
  <reporter-output>
  </reporter-output>
  <suite started-at="2024-07-20T16:54:15 IST" name="Suite" finished-at="2024-07-20T16:54:24 IST" duration-ms="9080">
    <groups>
    </groups>
    <test started-at="2024-07-20T16:54:15 IST" name="Test" finished-at="2024-07-20T16:54:24 IST" duration-ms="9080">
      <class name="Day8.UpdateUser">
        <test-method signature="test_updateUser(org.testng.ITestContext)[pri:0, instance:Day8.UpdateUser@729d991e]" started-at="2024-07-20T16:54:22 IST" name="test_updateUser" finished-at="2024-07-20T16:54:23 IST" duration-ms="1233" status="PASS">
          <params>
            <param index="0">
              <value>
                <![CDATA[org.testng.TestRunner@7bd7d6d6]]>
              </value>
            </param>
          </params>
          <reporter-output>
          </reporter-output>
        </test-method> <!-- test_updateUser -->
      </class> <!-- Day8.UpdateUser -->
      <class name="Day8.GetUser">
        <test-method signature="test_getUser(org.testng.ITestContext)[pri:0, instance:Day8.GetUser@1de5f259]" started-at="2024-07-20T16:54:21 IST" name="test_getUser" finished-at="2024-07-20T16:54:22 IST" duration-ms="1053" status="PASS">
          <params>
            <param index="0">
              <value>
                <![CDATA[org.testng.TestRunner@7bd7d6d6]]>
              </value>
            </param>
          </params>
          <reporter-output>
          </reporter-output>
        </test-method> <!-- test_getUser -->
      </class> <!-- Day8.GetUser -->
      <class name="Day8.DeleteUser">
        <test-method signature="test_deleteUser(org.testng.ITestContext)[pri:0, instance:Day8.DeleteUser@31fa1761]" started-at="2024-07-20T16:54:23 IST" name="test_deleteUser" finished-at="2024-07-20T16:54:24 IST" duration-ms="1028" status="PASS">
          <params>
            <param index="0">
              <value>
                <![CDATA[org.testng.TestRunner@7bd7d6d6]]>
              </value>
            </param>
          </params>
          <reporter-output>
          </reporter-output>
        </test-method> <!-- test_deleteUser -->
      </class> <!-- Day8.DeleteUser -->
      <class name="Day8.CreateUser">
        <test-method signature="create(org.testng.ITestContext)[pri:0, instance:Day8.CreateUser@593aaf41]" started-at="2024-07-20T16:54:15 IST" name="create" finished-at="2024-07-20T16:54:21 IST" duration-ms="5676" status="PASS">
          <params>
            <param index="0">
              <value>
                <![CDATA[org.testng.TestRunner@7bd7d6d6]]>
              </value>
            </param>
          </params>
          <reporter-output>
          </reporter-output>
        </test-method> <!-- create -->
      </class> <!-- Day8.CreateUser -->
    </test> <!-- Test -->
  </suite> <!-- Suite -->
</testng-results>
